InnoDB: The first specified data file .\ibdata1 did not exist:
InnoDB: a new database to be created!
091208 19:36:21  InnoDB: Setting file .\ibdata1 size to 10 MB
InnoDB: Database physically writes the file full: wait...
091208 19:36:21  InnoDB: Log file .\ib_logfile0 did not exist: new to be created
InnoDB: Setting log file .\ib_logfile0 size to 10 MB
InnoDB: Database physically writes the file full: wait...
091208 19:36:21  InnoDB: Log file .\ib_logfile1 did not exist: new to be created
InnoDB: Setting log file .\ib_logfile1 size to 10 MB
InnoDB: Database physically writes the file full: wait...
InnoDB: Doublewrite buffer not found: creating new
InnoDB: Doublewrite buffer created
InnoDB: Creating foreign key constraint system tables
InnoDB: Foreign key constraint system tables created
091208 19:36:22  InnoDB: Started; log sequence number 0 0
091208 19:36:22 [Note] C:\Program Files\MySQL\MySQL Server 5.0\bin\mysqld-nt: ready for connections.
Version: '5.0.88-community-nt'  socket: ''  port: 3306  MySQL Community Edition (GPL)
091208 19:40:56 [Note] C:\Program Files\MySQL\MySQL Server 5.0\bin\mysqld-nt: Normal shutdown

091208 19:40:56  InnoDB: Starting shutdown...
091208 19:40:57  InnoDB: Shutdown completed; log sequence number 0 43655
091208 19:40:57 [Note] C:\Program Files\MySQL\MySQL Server 5.0\bin\mysqld-nt: Shutdown complete

091208 19:40:57  InnoDB: Started; log sequence number 0 43655
091208 19:40:57 [Note] C:\Program Files\MySQL\MySQL Server 5.0\bin\mysqld-nt: ready for connections.
Version: '5.0.88-community-nt'  socket: ''  port: 3306  MySQL Community Edition (GPL)
091210  3:16:39 [Note] C:\Program Files\MySQL\MySQL Server 5.0\bin\mysqld-nt: Normal shutdown

091210  3:16:41  InnoDB: Starting shutdown...
091210  3:16:44  InnoDB: Shutdown completed; log sequence number 0 349109
091210  3:16:45 [Note] C:\Program Files\MySQL\MySQL Server 5.0\bin\mysqld-nt: Shutdown complete

091210  3:17:57  InnoDB: Started; log sequence number 0 349109
091210  3:17:57 [Note] C:\Program Files\MySQL\MySQL Server 5.0\bin\mysqld-nt: ready for connections.
Version: '5.0.88-community-nt'  socket: ''  port: 3306  MySQL Community Edition (GPL)
091211 20:20:58 [Note] C:\Program Files\MySQL\MySQL Server 5.0\bin\mysqld-nt: Normal shutdown

091211 20:21:04  InnoDB: Starting shutdown...
091211 20:21:11  InnoDB: Shutdown completed; log sequence number 0 349109
091211 20:21:12 [Note] C:\Program Files\MySQL\MySQL Server 5.0\bin\mysqld-nt: Shutdown complete

091211 20:22:37  InnoDB: Started; log sequence number 0 349109
091211 20:22:37 [Note] C:\Program Files\MySQL\MySQL Server 5.0\bin\mysqld-nt: ready for connections.
Version: '5.0.88-community-nt'  socket: ''  port: 3306  MySQL Community Edition (GPL)
InnoDB: The log sequence number in ibdata files does not match
InnoDB: the log sequence number in the ib_logfiles!
100112 19:30:49  InnoDB: Database was not shut down normally!
InnoDB: Starting crash recovery.
InnoDB: Reading tablespace information from the .ibd files...
InnoDB: Restoring possible half-written data pages from the doublewrite
InnoDB: buffer...
100112 19:30:51  InnoDB: Started; log sequence number 0 398124
100112 19:30:53 [Note] C:\Program Files\MySQL\MySQL Server 5.0\bin\mysqld-nt: ready for connections.
Version: '5.0.88-community-nt'  socket: ''  port: 3306  MySQL Community Edition (GPL)
InnoDB: The log sequence number in ibdata files does not match
InnoDB: the log sequence number in the ib_logfiles!
100117 16:09:50  InnoDB: Database was not shut down normally!
InnoDB: Starting crash recovery.
InnoDB: Reading tablespace information from the .ibd files...
InnoDB: Restoring possible half-written data pages from the doublewrite
InnoDB: buffer...
100117 16:09:50  InnoDB: Started; log sequence number 0 401857
100117 16:09:51 [Note] C:\Program Files\MySQL\MySQL Server 5.0\bin\mysqld-nt: ready for connections.
Version: '5.0.88-community-nt'  socket: ''  port: 3306  MySQL Community Edition (GPL)
100118 18:09:02 [Note] C:\Program Files\MySQL\MySQL Server 5.0\bin\mysqld-nt: Normal shutdown

100118 18:09:04  InnoDB: Starting shutdown...
100118 18:09:28  InnoDB: Shutdown completed; log sequence number 0 401867
100118 18:09:28 [Note] C:\Program Files\MySQL\MySQL Server 5.0\bin\mysqld-nt: Shutdown complete

100118 18:20:01  InnoDB: Started; log sequence number 0 401867
100118 18:20:02 [Note] C:\Program Files\MySQL\MySQL Server 5.0\bin\mysqld-nt: ready for connections.
Version: '5.0.88-community-nt'  socket: ''  port: 3306  MySQL Community Edition (GPL)
InnoDB: The log sequence number in ibdata files does not match
InnoDB: the log sequence number in the ib_logfiles!
100120 17:17:17  InnoDB: Database was not shut down normally!
InnoDB: Starting crash recovery.
InnoDB: Reading tablespace information from the .ibd files...
InnoDB: Restoring possible half-written data pages from the doublewrite
InnoDB: buffer...
100120 17:17:19  InnoDB: Started; log sequence number 0 405142
100120 17:17:20 [Note] C:\Program Files\MySQL\MySQL Server 5.0\bin\mysqld-nt: ready for connections.
Version: '5.0.88-community-nt'  socket: ''  port: 3306  MySQL Community Edition (GPL)
InnoDB: The log sequence number in ibdata files does not match
InnoDB: the log sequence number in the ib_logfiles!
100121 18:13:33  InnoDB: Database was not shut down normally!
InnoDB: Starting crash recovery.
InnoDB: Reading tablespace information from the .ibd files...
InnoDB: Restoring possible half-written data pages from the doublewrite
InnoDB: buffer...
100121 18:13:36  InnoDB: Started; log sequence number 0 405142
100121 18:13:38 [Note] C:\Program Files\MySQL\MySQL Server 5.0\bin\mysqld-nt: ready for connections.
Version: '5.0.88-community-nt'  socket: ''  port: 3306  MySQL Community Edition (GPL)
InnoDB: The log sequence number in ibdata files does not match
InnoDB: the log sequence number in the ib_logfiles!
100123  3:17:28  InnoDB: Database was not shut down normally!
InnoDB: Starting crash recovery.
InnoDB: Reading tablespace information from the .ibd files...
InnoDB: Restoring possible half-written data pages from the doublewrite
InnoDB: buffer...
100123  3:17:29  InnoDB: Started; log sequence number 0 405152
100123  3:17:29 [Note] C:\Program Files\MySQL\MySQL Server 5.0\bin\mysqld-nt: ready for connections.
Version: '5.0.88-community-nt'  socket: ''  port: 3306  MySQL Community Edition (GPL)
InnoDB: The log sequence number in ibdata files does not match
InnoDB: the log sequence number in the ib_logfiles!
100123  9:12:35  InnoDB: Database was not shut down normally!
InnoDB: Starting crash recovery.
InnoDB: Reading tablespace information from the .ibd files...
InnoDB: Restoring possible half-written data pages from the doublewrite
InnoDB: buffer...
100123  9:12:36  InnoDB: Started; log sequence number 0 410943
100123  9:12:36 [Note] C:\Program Files\MySQL\MySQL Server 5.0\bin\mysqld-nt: ready for connections.
Version: '5.0.88-community-nt'  socket: ''  port: 3306  MySQL Community Edition (GPL)
100127  3:16:24 [Note] C:\Program Files\MySQL\MySQL Server 5.0\bin\mysqld-nt: Normal shutdown

100127  3:16:28  InnoDB: Starting shutdown...
100127  3:16:46  InnoDB: Shutdown completed; log sequence number 0 410992
100127  3:16:47 [Note] C:\Program Files\MySQL\MySQL Server 5.0\bin\mysqld-nt: Shutdown complete

100127  3:18:23  InnoDB: Started; log sequence number 0 410992
100127  3:18:23 [Note] C:\Program Files\MySQL\MySQL Server 5.0\bin\mysqld-nt: ready for connections.
Version: '5.0.88-community-nt'  socket: ''  port: 3306  MySQL Community Edition (GPL)
InnoDB: The log sequence number in ibdata files does not match
InnoDB: the log sequence number in the ib_logfiles!
100130  8:56:23  InnoDB: Database was not shut down normally!
InnoDB: Starting crash recovery.
InnoDB: Reading tablespace information from the .ibd files...
InnoDB: Restoring possible half-written data pages from the doublewrite
InnoDB: buffer...
100130  8:56:23  InnoDB: Started; log sequence number 0 421250
100130  8:56:23 [Note] C:\Program Files\MySQL\MySQL Server 5.0\bin\mysqld-nt: ready for connections.
Version: '5.0.88-community-nt'  socket: ''  port: 3306  MySQL Community Edition (GPL)
100130 23:40:05 [Note] C:\Program Files\MySQL\MySQL Server 5.0\bin\mysqld-nt: Normal shutdown

100130 23:40:07  InnoDB: Starting shutdown...
100130 23:40:16  InnoDB: Shutdown completed; log sequence number 0 424774
100130 23:40:16 [Note] C:\Program Files\MySQL\MySQL Server 5.0\bin\mysqld-nt: Shutdown complete

100131  8:19:27  InnoDB: Started; log sequence number 0 424774
100131  8:19:27 [Note] C:\Program Files\MySQL\MySQL Server 5.0\bin\mysqld-nt: ready for connections.
Version: '5.0.88-community-nt'  socket: ''  port: 3306  MySQL Community Edition (GPL)
100201  8:38:26 [Note] C:\Program Files\MySQL\MySQL Server 5.0\bin\mysqld-nt: Normal shutdown

100201  8:38:31  InnoDB: Starting shutdown...
100201  8:38:45  InnoDB: Shutdown completed; log sequence number 0 424774
100201  8:38:45 [Note] C:\Program Files\MySQL\MySQL Server 5.0\bin\mysqld-nt: Shutdown complete

100201 17:37:11  InnoDB: Started; log sequence number 0 424774
100201 17:37:12 [Note] C:\Program Files\MySQL\MySQL Server 5.0\bin\mysqld-nt: ready for connections.
Version: '5.0.88-community-nt'  socket: ''  port: 3306  MySQL Community Edition (GPL)
100201 21:26:53 [Note] C:\Program Files\MySQL\MySQL Server 5.0\bin\mysqld-nt: Normal shutdown

100201 21:26:53  InnoDB: Starting shutdown...
100201 21:26:55  InnoDB: Shutdown completed; log sequence number 0 424774
100201 21:26:56 [Note] C:\Program Files\MySQL\MySQL Server 5.0\bin\mysqld-nt: Shutdown complete

100202  8:06:23  InnoDB: Started; log sequence number 0 424774
100202  8:06:23 [Note] C:\Program Files\MySQL\MySQL Server 5.0\bin\mysqld-nt: ready for connections.
Version: '5.0.88-community-nt'  socket: ''  port: 3306  MySQL Community Edition (GPL)
100202  8:28:11 [Note] C:\Program Files\MySQL\MySQL Server 5.0\bin\mysqld-nt: Normal shutdown

100202  8:28:11  InnoDB: Starting shutdown...
100202  8:28:12  InnoDB: Shutdown completed; log sequence number 0 424774
100202  8:28:12 [Note] C:\Program Files\MySQL\MySQL Server 5.0\bin\mysqld-nt: Shutdown complete

100202 17:47:22  InnoDB: Started; log sequence number 0 424774
100202 17:47:22 [Note] C:\Program Files\MySQL\MySQL Server 5.0\bin\mysqld-nt: ready for connections.
Version: '5.0.88-community-nt'  socket: ''  port: 3306  MySQL Community Edition (GPL)
100203  0:19:57 [Note] C:\Program Files\MySQL\MySQL Server 5.0\bin\mysqld-nt: Normal shutdown

100203  0:19:58  InnoDB: Starting shutdown...
100203  0:20:00  InnoDB: Shutdown completed; log sequence number 0 424774
100203  0:20:00 [Note] C:\Program Files\MySQL\MySQL Server 5.0\bin\mysqld-nt: Shutdown complete

100203  8:21:50  InnoDB: Started; log sequence number 0 424774
100203  8:21:51 [Note] C:\Program Files\MySQL\MySQL Server 5.0\bin\mysqld-nt: ready for connections.
Version: '5.0.88-community-nt'  socket: ''  port: 3306  MySQL Community Edition (GPL)
InnoDB: The log sequence number in ibdata files does not match
InnoDB: the log sequence number in the ib_logfiles!
100205 15:32:58  InnoDB: Database was not shut down normally!
InnoDB: Starting crash recovery.
InnoDB: Reading tablespace information from the .ibd files...
InnoDB: Restoring possible half-written data pages from the doublewrite
InnoDB: buffer...
100205 15:33:00  InnoDB: Started; log sequence number 0 428251
100205 15:33:00 [Note] C:\Program Files\MySQL\MySQL Server 5.0\bin\mysqld-nt: ready for connections.
Version: '5.0.88-community-nt'  socket: ''  port: 3306  MySQL Community Edition (GPL)
InnoDB: The log sequence number in ibdata files does not match
InnoDB: the log sequence number in the ib_logfiles!
100206  9:11:41  InnoDB: Database was not shut down normally!
InnoDB: Starting crash recovery.
InnoDB: Reading tablespace information from the .ibd files...
InnoDB: Restoring possible half-written data pages from the doublewrite
InnoDB: buffer...
100206  9:11:42  InnoDB: Started; log sequence number 0 428251
100206  9:11:42 [Note] C:\Program Files\MySQL\MySQL Server 5.0\bin\mysqld-nt: ready for connections.
Version: '5.0.88-community-nt'  socket: ''  port: 3306  MySQL Community Edition (GPL)
100206 15:11:06 [Note] C:\Program Files\MySQL\MySQL Server 5.0\bin\mysqld-nt: Normal shutdown

100206 15:11:11  InnoDB: Starting shutdown...
100206 15:11:27  InnoDB: Shutdown completed; log sequence number 0 438608
100206 15:11:27 [Note] C:\Program Files\MySQL\MySQL Server 5.0\bin\mysqld-nt: Shutdown complete

100206 17:05:35  InnoDB: Started; log sequence number 0 438608
100206 17:05:35 [Note] C:\Program Files\MySQL\MySQL Server 5.0\bin\mysqld-nt: ready for connections.
Version: '5.0.88-community-nt'  socket: ''  port: 3306  MySQL Community Edition (GPL)
100207 10:21:45 [Note] C:\Program Files\MySQL\MySQL Server 5.0\bin\mysqld-nt: Normal shutdown

100207 10:21:50  InnoDB: Starting shutdown...
100207 10:22:01  InnoDB: Shutdown completed; log sequence number 0 438686
100207 10:22:01 [Note] C:\Program Files\MySQL\MySQL Server 5.0\bin\mysqld-nt: Shutdown complete

100207 14:33:25  InnoDB: Started; log sequence number 0 438686
100207 14:33:26 [Note] C:\Program Files\MySQL\MySQL Server 5.0\bin\mysqld-nt: ready for connections.
Version: '5.0.88-community-nt'  socket: ''  port: 3306  MySQL Community Edition (GPL)
100207 22:55:46 [Note] C:\Program Files\MySQL\MySQL Server 5.0\bin\mysqld-nt: Normal shutdown

100207 22:55:51  InnoDB: Starting shutdown...
100207 22:56:04  InnoDB: Shutdown completed; log sequence number 0 438686
100207 22:56:04 [Note] C:\Program Files\MySQL\MySQL Server 5.0\bin\mysqld-nt: Shutdown complete

100208  8:14:03  InnoDB: Started; log sequence number 0 438686
100208  8:14:03 [Note] C:\Program Files\MySQL\MySQL Server 5.0\bin\mysqld-nt: ready for connections.
Version: '5.0.88-community-nt'  socket: ''  port: 3306  MySQL Community Edition (GPL)
100208  8:34:09 [Note] C:\Program Files\MySQL\MySQL Server 5.0\bin\mysqld-nt: Normal shutdown

100208  8:34:09  InnoDB: Starting shutdown...
100208  8:34:11  InnoDB: Shutdown completed; log sequence number 0 438686
100208  8:34:11 [Note] C:\Program Files\MySQL\MySQL Server 5.0\bin\mysqld-nt: Shutdown complete

100208 17:43:40  InnoDB: Started; log sequence number 0 438686
100208 17:43:40 [Note] C:\Program Files\MySQL\MySQL Server 5.0\bin\mysqld-nt: ready for connections.
Version: '5.0.88-community-nt'  socket: ''  port: 3306  MySQL Community Edition (GPL)
100209  7:43:55  InnoDB: Started; log sequence number 0 438686
100209  7:43:56 [Note] C:\Program Files\MySQL\MySQL Server 5.0\bin\mysqld-nt: ready for connections.
Version: '5.0.88-community-nt'  socket: ''  port: 3306  MySQL Community Edition (GPL)
100209  8:13:39 [Note] C:\Program Files\MySQL\MySQL Server 5.0\bin\mysqld-nt: Normal shutdown

100209  8:13:39  InnoDB: Starting shutdown...
100209  8:13:40  InnoDB: Shutdown completed; log sequence number 0 438686
100209  8:13:40 [Note] C:\Program Files\MySQL\MySQL Server 5.0\bin\mysqld-nt: Shutdown complete

100209 16:57:28  InnoDB: Started; log sequence number 0 438686
100209 16:57:28 [Note] C:\Program Files\MySQL\MySQL Server 5.0\bin\mysqld-nt: ready for connections.
Version: '5.0.88-community-nt'  socket: ''  port: 3306  MySQL Community Edition (GPL)
100209 22:57:02 [Note] C:\Program Files\MySQL\MySQL Server 5.0\bin\mysqld-nt: Normal shutdown

100209 22:57:08  InnoDB: Starting shutdown...
100209 22:57:22  InnoDB: Shutdown completed; log sequence number 0 438686
100209 22:57:23 [Note] C:\Program Files\MySQL\MySQL Server 5.0\bin\mysqld-nt: Shutdown complete

100210  7:49:54  InnoDB: Started; log sequence number 0 438686
100210  7:49:55 [Note] C:\Program Files\MySQL\MySQL Server 5.0\bin\mysqld-nt: ready for connections.
Version: '5.0.88-community-nt'  socket: ''  port: 3306  MySQL Community Edition (GPL)
100210  8:38:32 [Note] C:\Program Files\MySQL\MySQL Server 5.0\bin\mysqld-nt: Normal shutdown

100210  8:38:32  InnoDB: Starting shutdown...
100210  8:38:33  InnoDB: Shutdown completed; log sequence number 0 438686
100210  8:38:33 [Note] C:\Program Files\MySQL\MySQL Server 5.0\bin\mysqld-nt: Shutdown complete

100210 17:55:04  InnoDB: Started; log sequence number 0 438686
100210 17:55:12 [Note] C:\Program Files\MySQL\MySQL Server 5.0\bin\mysqld-nt: ready for connections.
Version: '5.0.88-community-nt'  socket: ''  port: 3306  MySQL Community Edition (GPL)
100210 22:52:50 [Note] C:\Program Files\MySQL\MySQL Server 5.0\bin\mysqld-nt: Normal shutdown

100210 22:52:52  InnoDB: Starting shutdown...
100210 22:53:05  InnoDB: Shutdown completed; log sequence number 0 438686
100210 22:53:05 [Note] C:\Program Files\MySQL\MySQL Server 5.0\bin\mysqld-nt: Shutdown complete

100211  7:48:49  InnoDB: Started; log sequence number 0 438686
100211  7:48:49 [Note] C:\Program Files\MySQL\MySQL Server 5.0\bin\mysqld-nt: ready for connections.
Version: '5.0.88-community-nt'  socket: ''  port: 3306  MySQL Community Edition (GPL)
100211  8:37:43 [Note] C:\Program Files\MySQL\MySQL Server 5.0\bin\mysqld-nt: Normal shutdown

100211  8:37:43  InnoDB: Starting shutdown...
100211  8:37:44  InnoDB: Shutdown completed; log sequence number 0 438686
100211  8:37:44 [Note] C:\Program Files\MySQL\MySQL Server 5.0\bin\mysqld-nt: Shutdown complete

100211 18:00:43  InnoDB: Started; log sequence number 0 438686
100211 18:00:43 [Note] C:\Program Files\MySQL\MySQL Server 5.0\bin\mysqld-nt: ready for connections.
Version: '5.0.88-community-nt'  socket: ''  port: 3306  MySQL Community Edition (GPL)
InnoDB: The log sequence number in ibdata files does not match
InnoDB: the log sequence number in the ib_logfiles!
100213 15:42:02  InnoDB: Database was not shut down normally!
InnoDB: Starting crash recovery.
InnoDB: Reading tablespace information from the .ibd files...
InnoDB: Restoring possible half-written data pages from the doublewrite
InnoDB: buffer...
100213 15:42:03  InnoDB: Started; log sequence number 0 443722
100213 15:42:03 [Note] C:\Program Files\MySQL\MySQL Server 5.0\bin\mysqld-nt: ready for connections.
Version: '5.0.88-community-nt'  socket: ''  port: 3306  MySQL Community Edition (GPL)
InnoDB: The log sequence number in ibdata files does not match
InnoDB: the log sequence number in the ib_logfiles!
100214 14:24:39  InnoDB: Database was not shut down normally!
InnoDB: Starting crash recovery.
InnoDB: Reading tablespace information from the .ibd files...
InnoDB: Restoring possible half-written data pages from the doublewrite
InnoDB: buffer...
100214 14:24:40  InnoDB: Started; log sequence number 0 443722
100214 14:24:40 [Note] C:\Program Files\MySQL\MySQL Server 5.0\bin\mysqld-nt: ready for connections.
Version: '5.0.88-community-nt'  socket: ''  port: 3306  MySQL Community Edition (GPL)
100215 22:08:31 [Note] C:\Program Files\MySQL\MySQL Server 5.0\bin\mysqld-nt: Normal shutdown

InnoDB: The log sequence number in ibdata files does not match
InnoDB: the log sequence number in the ib_logfiles!
100216  7:27:34  InnoDB: Database was not shut down normally!
InnoDB: Starting crash recovery.
InnoDB: Reading tablespace information from the .ibd files...
InnoDB: Restoring possible half-written data pages from the doublewrite
InnoDB: buffer...
100216  7:27:34  InnoDB: Started; log sequence number 0 443722
100216  7:27:34 [Note] C:\Program Files\MySQL\MySQL Server 5.0\bin\mysqld-nt: ready for connections.
Version: '5.0.88-community-nt'  socket: ''  port: 3306  MySQL Community Edition (GPL)
InnoDB: The log sequence number in ibdata files does not match
InnoDB: the log sequence number in the ib_logfiles!
100219 18:12:21  InnoDB: Database was not shut down normally!
InnoDB: Starting crash recovery.
InnoDB: Reading tablespace information from the .ibd files...
InnoDB: Restoring possible half-written data pages from the doublewrite
InnoDB: buffer...
100219 18:12:22  InnoDB: Started; log sequence number 0 443722
100219 18:12:22 [Note] C:\Program Files\MySQL\MySQL Server 5.0\bin\mysqld-nt: ready for connections.
Version: '5.0.88-community-nt'  socket: ''  port: 3306  MySQL Community Edition (GPL)
100219 23:03:38 [Note] C:\Program Files\MySQL\MySQL Server 5.0\bin\mysqld-nt: Normal shutdown

100219 23:03:45  InnoDB: Starting shutdown...
100219 23:04:01  InnoDB: Shutdown completed; log sequence number 0 443722
100219 23:04:01 [Note] C:\Program Files\MySQL\MySQL Server 5.0\bin\mysqld-nt: Shutdown complete

100220  7:45:03  InnoDB: Started; log sequence number 0 443722
100220  7:45:03 [Note] C:\Program Files\MySQL\MySQL Server 5.0\bin\mysqld-nt: ready for connections.
Version: '5.0.88-community-nt'  socket: ''  port: 3306  MySQL Community Edition (GPL)
InnoDB: The log sequence number in ibdata files does not match
InnoDB: the log sequence number in the ib_logfiles!
100220 11:52:40  InnoDB: Database was not shut down normally!
InnoDB: Starting crash recovery.
InnoDB: Reading tablespace information from the .ibd files...
InnoDB: Restoring possible half-written data pages from the doublewrite
InnoDB: buffer...
100220 11:52:40  InnoDB: Started; log sequence number 0 454754
100220 11:52:41 [Note] C:\Program Files\MySQL\MySQL Server 5.0\bin\mysqld-nt: ready for connections.
Version: '5.0.88-community-nt'  socket: ''  port: 3306  MySQL Community Edition (GPL)
100220 11:53:50 [Note] C:\Program Files\MySQL\MySQL Server 5.0\bin\mysqld-nt: Normal shutdown

100220 11:53:50  InnoDB: Starting shutdown...
100220 11:53:51  InnoDB: Shutdown completed; log sequence number 0 454793
100220 11:53:51 [Note] C:\Program Files\MySQL\MySQL Server 5.0\bin\mysqld-nt: Shutdown complete

100220 11:54:56  InnoDB: Started; log sequence number 0 454793
100220 11:54:56 [Note] C:\Program Files\MySQL\MySQL Server 5.0\bin\mysqld-nt: ready for connections.
Version: '5.0.88-community-nt'  socket: ''  port: 3306  MySQL Community Edition (GPL)
100220 20:50:09 [Note] C:\Program Files\MySQL\MySQL Server 5.0\bin\mysqld-nt: Normal shutdown

100221 10:00:32  InnoDB: Started; log sequence number 0 454793
100221 10:00:32 [Note] C:\Program Files\MySQL\MySQL Server 5.0\bin\mysqld-nt: ready for connections.
Version: '5.0.88-community-nt'  socket: ''  port: 3306  MySQL Community Edition (GPL)
100222  8:09:51 [Note] C:\Program Files\MySQL\MySQL Server 5.0\bin\mysqld-nt: Normal shutdown

100222  8:09:57  InnoDB: Starting shutdown...
100222  8:10:11  InnoDB: Shutdown completed; log sequence number 0 454793
100222  8:10:12 [Note] C:\Program Files\MySQL\MySQL Server 5.0\bin\mysqld-nt: Shutdown complete

100222 17:27:21  InnoDB: Started; log sequence number 0 454793
100222 17:27:22 [Note] C:\Program Files\MySQL\MySQL Server 5.0\bin\mysqld-nt: ready for connections.
Version: '5.0.88-community-nt'  socket: ''  port: 3306  MySQL Community Edition (GPL)
100224  3:18:24  InnoDB: Started; log sequence number 0 454793
100224  3:18:25 [Note] C:\Program Files\MySQL\MySQL Server 5.0\bin\mysqld-nt: ready for connections.
Version: '5.0.88-community-nt'  socket: ''  port: 3306  MySQL Community Edition (GPL)
InnoDB: The log sequence number in ibdata files does not match
InnoDB: the log sequence number in the ib_logfiles!
100303 10:55:09  InnoDB: Database was not shut down normally!
InnoDB: Starting crash recovery.
InnoDB: Reading tablespace information from the .ibd files...
InnoDB: Restoring possible half-written data pages from the doublewrite
InnoDB: buffer...
100303 10:55:10  InnoDB: Started; log sequence number 0 466574
100303 10:55:10 [Note] C:\Program Files\MySQL\MySQL Server 5.0\bin\mysqld-nt: ready for connections.
Version: '5.0.88-community-nt'  socket: ''  port: 3306  MySQL Community Edition (GPL)
InnoDB: The log sequence number in ibdata files does not match
InnoDB: the log sequence number in the ib_logfiles!
100304 17:47:43  InnoDB: Database was not shut down normally!
InnoDB: Starting crash recovery.
InnoDB: Reading tablespace information from the .ibd files...
InnoDB: Restoring possible half-written data pages from the doublewrite
InnoDB: buffer...
100304 17:47:43  InnoDB: Started; log sequence number 0 466574
100304 17:47:43 [Note] C:\Program Files\MySQL\MySQL Server 5.0\bin\mysqld-nt: ready for connections.
Version: '5.0.88-community-nt'  socket: ''  port: 3306  MySQL Community Edition (GPL)
InnoDB: The log sequence number in ibdata files does not match
InnoDB: the log sequence number in the ib_logfiles!
100308 18:29:10  InnoDB: Database was not shut down normally!
InnoDB: Starting crash recovery.
InnoDB: Reading tablespace information from the .ibd files...
InnoDB: Restoring possible half-written data pages from the doublewrite
InnoDB: buffer...
100308 18:29:10  InnoDB: Started; log sequence number 0 493484
100308 18:29:10 [Note] C:\Program Files\MySQL\MySQL Server 5.0\bin\mysqld-nt: ready for connections.
Version: '5.0.88-community-nt'  socket: ''  port: 3306  MySQL Community Edition (GPL)
100315  8:37:23 [Note] C:\Program Files\MySQL\MySQL Server 5.0\bin\mysqld-nt: Normal shutdown

100315  8:37:31  InnoDB: Starting shutdown...
100315  8:38:01  InnoDB: Shutdown completed; log sequence number 0 501455
100315  8:38:01 [Note] C:\Program Files\MySQL\MySQL Server 5.0\bin\mysqld-nt: Shutdown complete

100315 18:08:37  InnoDB: Started; log sequence number 0 501455
100315 18:08:38 [Note] C:\Program Files\MySQL\MySQL Server 5.0\bin\mysqld-nt: ready for connections.
Version: '5.0.88-community-nt'  socket: ''  port: 3306  MySQL Community Edition (GPL)
100316 20:04:33 [Note] C:\Program Files\MySQL\MySQL Server 5.0\bin\mysqld-nt: Normal shutdown

100316 20:04:42  InnoDB: Starting shutdown...
100316 20:04:54  InnoDB: Shutdown completed; log sequence number 0 501504
100316 20:04:55 [Note] C:\Program Files\MySQL\MySQL Server 5.0\bin\mysqld-nt: Shutdown complete

100316 20:06:57  InnoDB: Started; log sequence number 0 501504
100316 20:06:58 [Note] C:\Program Files\MySQL\MySQL Server 5.0\bin\mysqld-nt: ready for connections.
Version: '5.0.88-community-nt'  socket: ''  port: 3306  MySQL Community Edition (GPL)
100317  8:10:43  InnoDB: Started; log sequence number 0 501504
100317  8:10:44 [Note] C:\Program Files\MySQL\MySQL Server 5.0\bin\mysqld-nt: ready for connections.
Version: '5.0.88-community-nt'  socket: ''  port: 3306  MySQL Community Edition (GPL)
100331  3:17:18 [Note] C:\Program Files\MySQL\MySQL Server 5.0\bin\mysqld-nt: Normal shutdown

100331  3:17:31  InnoDB: Starting shutdown...
100331  3:17:48  InnoDB: Shutdown completed; log sequence number 0 520493
100331  3:17:48 [Note] C:\Program Files\MySQL\MySQL Server 5.0\bin\mysqld-nt: Shutdown complete

100331  3:19:46  InnoDB: Started; log sequence number 0 520493
100331  3:19:46 [Note] C:\Program Files\MySQL\MySQL Server 5.0\bin\mysqld-nt: ready for connections.
Version: '5.0.88-community-nt'  socket: ''  port: 3306  MySQL Community Edition (GPL)
InnoDB: The log sequence number in ibdata files does not match
InnoDB: the log sequence number in the ib_logfiles!
100403 13:19:11  InnoDB: Database was not shut down normally!
InnoDB: Starting crash recovery.
InnoDB: Reading tablespace information from the .ibd files...
InnoDB: Restoring possible half-written data pages from the doublewrite
InnoDB: buffer...
100403 13:19:11  InnoDB: Started; log sequence number 0 536663
100403 13:19:11 [Note] C:\Program Files\MySQL\MySQL Server 5.0\bin\mysqld-nt: ready for connections.
Version: '5.0.88-community-nt'  socket: ''  port: 3306  MySQL Community Edition (GPL)
100406  0:09:22 [Note] C:\Program Files\MySQL\MySQL Server 5.0\bin\mysqld-nt: Normal shutdown

100406  0:09:25  InnoDB: Starting shutdown...
100406  0:09:37  InnoDB: Shutdown completed; log sequence number 0 536663
100406  0:09:37 [Note] C:\Program Files\MySQL\MySQL Server 5.0\bin\mysqld-nt: Shutdown complete

100406 19:33:07  InnoDB: Started; log sequence number 0 536663
100406 19:33:08 [Note] C:\Program Files\MySQL\MySQL Server 5.0\bin\mysqld-nt: ready for connections.
Version: '5.0.88-community-nt'  socket: ''  port: 3306  MySQL Community Edition (GPL)
100414  3:16:22 [Note] C:\Program Files\MySQL\MySQL Server 5.0\bin\mysqld-nt: Normal shutdown

100414  3:16:27  InnoDB: Starting shutdown...
100414  3:16:40  InnoDB: Shutdown completed; log sequence number 0 560312
100414  3:16:41 [Note] C:\Program Files\MySQL\MySQL Server 5.0\bin\mysqld-nt: Shutdown complete

100414  3:18:34  InnoDB: Started; log sequence number 0 560312
100414  3:18:35 [Note] C:\Program Files\MySQL\MySQL Server 5.0\bin\mysqld-nt: ready for connections.
Version: '5.0.88-community-nt'  socket: ''  port: 3306  MySQL Community Edition (GPL)
100415  3:17:21 [Note] C:\Program Files\MySQL\MySQL Server 5.0\bin\mysqld-nt: Normal shutdown

100415  3:17:24  InnoDB: Starting shutdown...
100415  3:17:36  InnoDB: Shutdown completed; log sequence number 0 560351
100415  3:17:36 [Note] C:\Program Files\MySQL\MySQL Server 5.0\bin\mysqld-nt: Shutdown complete

100415  3:19:37  InnoDB: Started; log sequence number 0 560351
100415  3:19:39 [Note] C:\Program Files\MySQL\MySQL Server 5.0\bin\mysqld-nt: ready for connections.
Version: '5.0.88-community-nt'  socket: ''  port: 3306  MySQL Community Edition (GPL)
100421 18:35:00 [Note] C:\Program Files\MySQL\MySQL Server 5.0\bin\mysqld-nt: Normal shutdown

100421 18:35:02  InnoDB: Starting shutdown...
100421 18:35:22  InnoDB: Shutdown completed; log sequence number 0 575749
100421 18:35:22 [Note] C:\Program Files\MySQL\MySQL Server 5.0\bin\mysqld-nt: Shutdown complete

100421 18:37:09  InnoDB: Started; log sequence number 0 575749
100421 18:37:12 [Note] C:\Program Files\MySQL\MySQL Server 5.0\bin\mysqld-nt: ready for connections.
Version: '5.0.88-community-nt'  socket: ''  port: 3306  MySQL Community Edition (GPL)
100422 16:24:48 [Note] C:\Program Files\MySQL\MySQL Server 5.0\bin\mysqld-nt: Normal shutdown

100422 16:24:53  InnoDB: Starting shutdown...
100422 16:25:08  InnoDB: Shutdown completed; log sequence number 0 575749
100422 16:25:09 [Note] C:\Program Files\MySQL\MySQL Server 5.0\bin\mysqld-nt: Shutdown complete

100422 16:47:50  InnoDB: Started; log sequence number 0 575749
100422 16:47:50 [Note] C:\Program Files\MySQL\MySQL Server 5.0\bin\mysqld-nt: ready for connections.
Version: '5.0.88-community-nt'  socket: ''  port: 3306  MySQL Community Edition (GPL)
100425 16:15:31  InnoDB: Started; log sequence number 0 575749
100425 16:15:32 [Note] C:\Program Files\MySQL\MySQL Server 5.0\bin\mysqld-nt: ready for connections.
Version: '5.0.88-community-nt'  socket: ''  port: 3306  MySQL Community Edition (GPL)
100426 21:21:51  InnoDB: Started; log sequence number 0 575749
100426 21:21:52 [Note] C:\Program Files\MySQL\MySQL Server 5.0\bin\mysqld-nt: ready for connections.
Version: '5.0.88-community-nt'  socket: ''  port: 3306  MySQL Community Edition (GPL)
100428  3:16:36 [Note] C:\Program Files\MySQL\MySQL Server 5.0\bin\mysqld-nt: Normal shutdown

100428  3:16:46  InnoDB: Starting shutdown...
100428  3:17:02  InnoDB: Shutdown completed; log sequence number 0 579880
100428  3:17:02 [Note] C:\Program Files\MySQL\MySQL Server 5.0\bin\mysqld-nt: Shutdown complete

100428  3:18:56  InnoDB: Started; log sequence number 0 579880
100428  3:18:57 [Note] C:\Program Files\MySQL\MySQL Server 5.0\bin\mysqld-nt: ready for connections.
Version: '5.0.88-community-nt'  socket: ''  port: 3306  MySQL Community Edition (GPL)
100501  9:53:05 [Note] C:\Program Files\MySQL\MySQL Server 5.0\bin\mysqld-nt: Normal shutdown

100501  9:53:07  InnoDB: Starting shutdown...
100501  9:53:24  InnoDB: Shutdown completed; log sequence number 0 586009
100501  9:53:25 [Note] C:\Program Files\MySQL\MySQL Server 5.0\bin\mysqld-nt: Shutdown complete

100501  9:55:09  InnoDB: Started; log sequence number 0 586009
100501  9:55:10 [Note] C:\Program Files\MySQL\MySQL Server 5.0\bin\mysqld-nt: ready for connections.
Version: '5.0.88-community-nt'  socket: ''  port: 3306  MySQL Community Edition (GPL)
InnoDB: The log sequence number in ibdata files does not match
InnoDB: the log sequence number in the ib_logfiles!
100502 15:59:04  InnoDB: Database was not shut down normally!
InnoDB: Starting crash recovery.
InnoDB: Reading tablespace information from the .ibd files...
InnoDB: Restoring possible half-written data pages from the doublewrite
InnoDB: buffer...
100502 15:59:05  InnoDB: Started; log sequence number 0 593644
100502 15:59:05 [Note] C:\Program Files\MySQL\MySQL Server 5.0\bin\mysqld-nt: ready for connections.
Version: '5.0.88-community-nt'  socket: ''  port: 3306  MySQL Community Edition (GPL)
InnoDB: The log sequence number in ibdata files does not match
InnoDB: the log sequence number in the ib_logfiles!
100511  7:19:09  InnoDB: Database was not shut down normally!
InnoDB: Starting crash recovery.
InnoDB: Reading tablespace information from the .ibd files...
InnoDB: Restoring possible half-written data pages from the doublewrite
InnoDB: buffer...
100511  7:19:10  InnoDB: Started; log sequence number 0 608207
100511  7:19:11 [Note] C:\Program Files\MySQL\MySQL Server 5.0\bin\mysqld-nt: ready for connections.
Version: '5.0.88-community-nt'  socket: ''  port: 3306  MySQL Community Edition (GPL)
100513 18:07:55 [Note] C:\Program Files\MySQL\MySQL Server 5.0\bin\mysqld-nt: Normal shutdown

100513 18:07:59  InnoDB: Starting shutdown...
100513 18:08:19  InnoDB: Shutdown completed; log sequence number 0 608246
100513 18:08:19 [Note] C:\Program Files\MySQL\MySQL Server 5.0\bin\mysqld-nt: Shutdown complete

100513 18:10:17  InnoDB: Started; log sequence number 0 608246
100513 18:10:18 [Note] C:\Program Files\MySQL\MySQL Server 5.0\bin\mysqld-nt: ready for connections.
Version: '5.0.88-community-nt'  socket: ''  port: 3306  MySQL Community Edition (GPL)
InnoDB: The log sequence number in ibdata files does not match
InnoDB: the log sequence number in the ib_logfiles!
100521 23:17:02  InnoDB: Database was not shut down normally!
InnoDB: Starting crash recovery.
InnoDB: Reading tablespace information from the .ibd files...
InnoDB: Restoring possible half-written data pages from the doublewrite
InnoDB: buffer...
100521 23:17:03  InnoDB: Started; log sequence number 0 629716
100521 23:17:04 [Note] C:\Program Files\MySQL\MySQL Server 5.0\bin\mysqld-nt: ready for connections.
Version: '5.0.88-community-nt'  socket: ''  port: 3306  MySQL Community Edition (GPL)
InnoDB: The log sequence number in ibdata files does not match
InnoDB: the log sequence number in the ib_logfiles!
100602 20:00:38  InnoDB: Database was not shut down normally!
InnoDB: Starting crash recovery.
InnoDB: Reading tablespace information from the .ibd files...
InnoDB: Restoring possible half-written data pages from the doublewrite
InnoDB: buffer...
100602 20:00:39  InnoDB: Started; log sequence number 0 654921
100602 20:00:39 [Note] C:\Program Files\MySQL\MySQL Server 5.0\bin\mysqld-nt: ready for connections.
Version: '5.0.88-community-nt'  socket: ''  port: 3306  MySQL Community Edition (GPL)
InnoDB: The log sequence number in ibdata files does not match
InnoDB: the log sequence number in the ib_logfiles!
100603  8:23:23  InnoDB: Database was not shut down normally!
InnoDB: Starting crash recovery.
InnoDB: Reading tablespace information from the .ibd files...
InnoDB: Restoring possible half-written data pages from the doublewrite
InnoDB: buffer...
100603  8:23:23  InnoDB: Started; log sequence number 0 654960
100603  8:23:23 [Note] C:\Program Files\MySQL\MySQL Server 5.0\bin\mysqld-nt: ready for connections.
Version: '5.0.88-community-nt'  socket: ''  port: 3306  MySQL Community Edition (GPL)
100606  9:10:09 [Note] C:\Program Files\MySQL\MySQL Server 5.0\bin\mysqld-nt: Normal shutdown

100606  9:10:16  InnoDB: Starting shutdown...
100606  9:10:34  InnoDB: Shutdown completed; log sequence number 0 676203
100606  9:10:34 [Note] C:\Program Files\MySQL\MySQL Server 5.0\bin\mysqld-nt: Shutdown complete

100606  9:12:44  InnoDB: Started; log sequence number 0 676203
100606  9:12:46 [Note] C:\Program Files\MySQL\MySQL Server 5.0\bin\mysqld-nt: ready for connections.
Version: '5.0.88-community-nt'  socket: ''  port: 3306  MySQL Community Edition (GPL)
100608 17:52:35  InnoDB: Started; log sequence number 0 676203
100608 17:52:35 [Note] C:\Program Files\MySQL\MySQL Server 5.0\bin\mysqld-nt: ready for connections.
Version: '5.0.88-community-nt'  socket: ''  port: 3306  MySQL Community Edition (GPL)
100610  3:19:23 [Note] C:\Program Files\MySQL\MySQL Server 5.0\bin\mysqld-nt: Normal shutdown

100610  3:19:28  InnoDB: Starting shutdown...
100610  3:19:45  InnoDB: Shutdown completed; log sequence number 0 676203
100610  3:19:45 [Note] C:\Program Files\MySQL\MySQL Server 5.0\bin\mysqld-nt: Shutdown complete

100610  3:21:59  InnoDB: Started; log sequence number 0 676203
100610  3:22:00 [Note] C:\Program Files\MySQL\MySQL Server 5.0\bin\mysqld-nt: ready for connections.
Version: '5.0.88-community-nt'  socket: ''  port: 3306  MySQL Community Edition (GPL)
100615  1:08:37 [Note] C:\Program Files\MySQL\MySQL Server 5.0\bin\mysqld-nt: Normal shutdown

100615  1:08:41  InnoDB: Starting shutdown...
100615  1:08:59  InnoDB: Shutdown completed; log sequence number 0 686150
100615  1:08:59 [Note] C:\Program Files\MySQL\MySQL Server 5.0\bin\mysqld-nt: Shutdown complete

100615  7:32:42  InnoDB: Started; log sequence number 0 686150
100615  7:32:42 [Note] C:\Program Files\MySQL\MySQL Server 5.0\bin\mysqld-nt: ready for connections.
Version: '5.0.88-community-nt'  socket: ''  port: 3306  MySQL Community Edition (GPL)
100615 23:46:17 [Note] C:\Program Files\MySQL\MySQL Server 5.0\bin\mysqld-nt: Normal shutdown

100615 23:46:23  InnoDB: Starting shutdown...
100615 23:46:37  InnoDB: Shutdown completed; log sequence number 0 686189
100615 23:46:37 [Note] C:\Program Files\MySQL\MySQL Server 5.0\bin\mysqld-nt: Shutdown complete

100616 18:22:04  InnoDB: Started; log sequence number 0 686189
100616 18:22:10 [Note] C:\Program Files\MySQL\MySQL Server 5.0\bin\mysqld-nt: ready for connections.
Version: '5.0.88-community-nt'  socket: ''  port: 3306  MySQL Community Edition (GPL)
100617 19:59:38 [Note] C:\Program Files\MySQL\MySQL Server 5.0\bin\mysqld-nt: Normal shutdown

100617 19:59:42  InnoDB: Starting shutdown...
100617 19:59:57  InnoDB: Shutdown completed; log sequence number 0 686189
100617 19:59:57 [Note] C:\Program Files\MySQL\MySQL Server 5.0\bin\mysqld-nt: Shutdown complete

100617 20:02:09  InnoDB: Started; log sequence number 0 686189
100617 20:02:10 [Note] C:\Program Files\MySQL\MySQL Server 5.0\bin\mysqld-nt: ready for connections.
Version: '5.0.88-community-nt'  socket: ''  port: 3306  MySQL Community Edition (GPL)
100624  3:18:24 [Note] C:\Program Files\MySQL\MySQL Server 5.0\bin\mysqld-nt: Normal shutdown

100624  3:18:33  InnoDB: Starting shutdown...
100624  3:18:53  InnoDB: Shutdown completed; log sequence number 0 699720
100624  3:18:54 [Note] C:\Program Files\MySQL\MySQL Server 5.0\bin\mysqld-nt: Shutdown complete

100624  3:19:12  InnoDB: Started; log sequence number 0 699720
100624  3:19:12 [Note] C:\Program Files\MySQL\MySQL Server 5.0\bin\mysqld-nt: ready for connections.
Version: '5.0.88-community-nt'  socket: ''  port: 3306  MySQL Community Edition (GPL)
100627 22:01:07 [Note] C:\Program Files\MySQL\MySQL Server 5.0\bin\mysqld-nt: Normal shutdown

100627 22:01:10  InnoDB: Starting shutdown...
100627 22:01:30  InnoDB: Shutdown completed; log sequence number 0 701790
100627 22:01:30 [Note] C:\Program Files\MySQL\MySQL Server 5.0\bin\mysqld-nt: Shutdown complete

100628 16:39:51  InnoDB: Started; log sequence number 0 701790
100628 16:39:52 [Note] C:\Program Files\MySQL\MySQL Server 5.0\bin\mysqld-nt: ready for connections.
Version: '5.0.88-community-nt'  socket: ''  port: 3306  MySQL Community Edition (GPL)
100714  3:18:07 [Note] C:\Program Files\MySQL\MySQL Server 5.0\bin\mysqld-nt: Normal shutdown

100714  3:18:09  InnoDB: Starting shutdown...
100714  3:18:34  InnoDB: Shutdown completed; log sequence number 0 1041641
100714  3:18:35 [Note] C:\Program Files\MySQL\MySQL Server 5.0\bin\mysqld-nt: Shutdown complete

100714  3:19:28  InnoDB: Started; log sequence number 0 1041641
100714  3:19:29 [Note] C:\Program Files\MySQL\MySQL Server 5.0\bin\mysqld-nt: ready for connections.
Version: '5.0.88-community-nt'  socket: ''  port: 3306  MySQL Community Edition (GPL)
InnoDB: The log sequence number in ibdata files does not match
InnoDB: the log sequence number in the ib_logfiles!
100714 19:33:55  InnoDB: Database was not shut down normally!
InnoDB: Starting crash recovery.
InnoDB: Reading tablespace information from the .ibd files...
InnoDB: Restoring possible half-written data pages from the doublewrite
InnoDB: buffer...
100714 19:33:55  InnoDB: Started; log sequence number 0 1041680
100714 19:33:56 [Note] C:\Program Files\MySQL\MySQL Server 5.0\bin\mysqld-nt: ready for connections.
Version: '5.0.88-community-nt'  socket: ''  port: 3306  MySQL Community Edition (GPL)
100717 14:57:26 [Note] C:\Program Files\MySQL\MySQL Server 5.0\bin\mysqld-nt: Normal shutdown

100717 14:57:29  InnoDB: Starting shutdown...
100717 14:57:47  InnoDB: Shutdown completed; log sequence number 0 1055185
100717 14:57:48 [Note] C:\Program Files\MySQL\MySQL Server 5.0\bin\mysqld-nt: Shutdown complete

100717 14:58:44  InnoDB: Started; log sequence number 0 1055185
100717 14:58:45 [Note] C:\Program Files\MySQL\MySQL Server 5.0\bin\mysqld-nt: ready for connections.
Version: '5.0.88-community-nt'  socket: ''  port: 3306  MySQL Community Edition (GPL)
InnoDB: The log sequence number in ibdata files does not match
InnoDB: the log sequence number in the ib_logfiles!
100718 15:08:56  InnoDB: Database was not shut down normally!
InnoDB: Starting crash recovery.
InnoDB: Reading tablespace information from the .ibd files...
InnoDB: Restoring possible half-written data pages from the doublewrite
InnoDB: buffer...
100718 15:08:57  InnoDB: Started; log sequence number 0 1055247
100718 15:08:57 [Note] C:\Program Files\MySQL\MySQL Server 5.0\bin\mysqld-nt: ready for connections.
Version: '5.0.88-community-nt'  socket: ''  port: 3306  MySQL Community Edition (GPL)
InnoDB: The log sequence number in ibdata files does not match
InnoDB: the log sequence number in the ib_logfiles!
100718 15:11:41  InnoDB: Database was not shut down normally!
InnoDB: Starting crash recovery.
InnoDB: Reading tablespace information from the .ibd files...
InnoDB: Restoring possible half-written data pages from the doublewrite
InnoDB: buffer...
100718 15:11:41  InnoDB: Started; log sequence number 0 1055247
100718 15:11:41 [Note] C:\Program Files\MySQL\MySQL Server 5.0\bin\mysqld-nt: ready for connections.
Version: '5.0.88-community-nt'  socket: ''  port: 3306  MySQL Community Edition (GPL)
InnoDB: The log sequence number in ibdata files does not match
InnoDB: the log sequence number in the ib_logfiles!
100720 18:42:00  InnoDB: Database was not shut down normally!
InnoDB: Starting crash recovery.
InnoDB: Reading tablespace information from the .ibd files...
InnoDB: Restoring possible half-written data pages from the doublewrite
InnoDB: buffer...
100720 18:42:00  InnoDB: Started; log sequence number 0 1060281
100720 18:42:00 [Note] C:\Program Files\MySQL\MySQL Server 5.0\bin\mysqld-nt: ready for connections.
Version: '5.0.88-community-nt'  socket: ''  port: 3306  MySQL Community Edition (GPL)
100722 23:13:36 [Note] C:\Program Files\MySQL\MySQL Server 5.0\bin\mysqld-nt: Normal shutdown

100722 23:13:38  InnoDB: Starting shutdown...
100722 23:13:52  InnoDB: Shutdown completed; log sequence number 0 1072053
100722 23:13:52 [Note] C:\Program Files\MySQL\MySQL Server 5.0\bin\mysqld-nt: Shutdown complete

100723 18:39:59  InnoDB: Started; log sequence number 0 1072053
100723 18:39:59 [Note] C:\Program Files\MySQL\MySQL Server 5.0\bin\mysqld-nt: ready for connections.
Version: '5.0.88-community-nt'  socket: ''  port: 3306  MySQL Community Edition (GPL)
100724 15:46:58  InnoDB: Started; log sequence number 0 1072053
100724 15:46:59 [Note] C:\Program Files\MySQL\MySQL Server 5.0\bin\mysqld-nt: ready for connections.
Version: '5.0.88-community-nt'  socket: ''  port: 3306  MySQL Community Edition (GPL)
100803  3:16:32 [Note] C:\Program Files\MySQL\MySQL Server 5.0\bin\mysqld-nt: Normal shutdown

100803  3:16:39  InnoDB: Starting shutdown...
100803  3:16:57  InnoDB: Shutdown completed; log sequence number 0 1095337
100803  3:16:58 [Note] C:\Program Files\MySQL\MySQL Server 5.0\bin\mysqld-nt: Shutdown complete

100803  3:17:40  InnoDB: Started; log sequence number 0 1095337
100803  3:17:41 [Note] C:\Program Files\MySQL\MySQL Server 5.0\bin\mysqld-nt: ready for connections.
Version: '5.0.88-community-nt'  socket: ''  port: 3306  MySQL Community Edition (GPL)
InnoDB: The log sequence number in ibdata files does not match
InnoDB: the log sequence number in the ib_logfiles!
100804 14:04:27  InnoDB: Database was not shut down normally!
InnoDB: Starting crash recovery.
InnoDB: Reading tablespace information from the .ibd files...
InnoDB: Restoring possible half-written data pages from the doublewrite
InnoDB: buffer...
100804 14:04:27  InnoDB: Started; log sequence number 0 1106075
100804 14:04:31 [Note] C:\Program Files\MySQL\MySQL Server 5.0\bin\mysqld-nt: ready for connections.
Version: '5.0.88-community-nt'  socket: ''  port: 3306  MySQL Community Edition (GPL)
100812  3:19:12 [Note] C:\Program Files\MySQL\MySQL Server 5.0\bin\mysqld-nt: Normal shutdown

100812  3:19:17  InnoDB: Starting shutdown...
100812  3:19:37  InnoDB: Shutdown completed; log sequence number 0 1141311
100812  3:19:37 [Note] C:\Program Files\MySQL\MySQL Server 5.0\bin\mysqld-nt: Shutdown complete

100812  3:20:36  InnoDB: Started; log sequence number 0 1141311
100812  3:20:36 [Note] C:\Program Files\MySQL\MySQL Server 5.0\bin\mysqld-nt: ready for connections.
Version: '5.0.88-community-nt'  socket: ''  port: 3306  MySQL Community Edition (GPL)
100815 16:27:38 [Note] C:\Program Files\MySQL\MySQL Server 5.0\bin\mysqld-nt: Normal shutdown

100815 16:27:42  InnoDB: Starting shutdown...
100815 16:28:04  InnoDB: Shutdown completed; log sequence number 0 1157808
100815 16:28:05 [Note] C:\Program Files\MySQL\MySQL Server 5.0\bin\mysqld-nt: Shutdown complete

100815 16:47:59  InnoDB: Started; log sequence number 0 1157808
100815 16:48:00 [Note] C:\Program Files\MySQL\MySQL Server 5.0\bin\mysqld-nt: ready for connections.
Version: '5.0.88-community-nt'  socket: ''  port: 3306  MySQL Community Edition (GPL)
100826  3:16:14 [Note] C:\Program Files\MySQL\MySQL Server 5.0\bin\mysqld-nt: Normal shutdown

100826  3:16:18  InnoDB: Starting shutdown...
100826  3:16:36  InnoDB: Shutdown completed; log sequence number 0 1178499
100826  3:16:36 [Note] C:\Program Files\MySQL\MySQL Server 5.0\bin\mysqld-nt: Shutdown complete

100826  3:17:15  InnoDB: Started; log sequence number 0 1178499
100826  3:17:15 [Note] C:\Program Files\MySQL\MySQL Server 5.0\bin\mysqld-nt: ready for connections.
Version: '5.0.88-community-nt'  socket: ''  port: 3306  MySQL Community Edition (GPL)
InnoDB: The log sequence number in ibdata files does not match
InnoDB: the log sequence number in the ib_logfiles!
100826 18:21:29  InnoDB: Database was not shut down normally!
InnoDB: Starting crash recovery.
InnoDB: Reading tablespace information from the .ibd files...
InnoDB: Restoring possible half-written data pages from the doublewrite
InnoDB: buffer...
100826 18:21:29  InnoDB: Started; log sequence number 0 1178535
100826 18:21:40 [Note] C:\Program Files\MySQL\MySQL Server 5.0\bin\mysqld-nt: ready for connections.
Version: '5.0.88-community-nt'  socket: ''  port: 3306  MySQL Community Edition (GPL)
100901 20:11:00 [Note] C:\Program Files\MySQL\MySQL Server 5.0\bin\mysqld-nt: Normal shutdown

100901 20:11:00  InnoDB: Starting shutdown...
100901 20:11:02  InnoDB: Shutdown completed; log sequence number 0 1196402
100901 20:11:02 [Note] C:\Program Files\MySQL\MySQL Server 5.0\bin\mysqld-nt: Shutdown complete

100901 20:11:22  InnoDB: Started; log sequence number 0 1196402
100901 20:11:23 [Note] C:\Program Files\MySQL\MySQL Server 5.0\bin\mysqld-nt: ready for connections.
Version: '5.0.88-community-nt'  socket: ''  port: 3306  MySQL Community Edition (GPL)
100916  3:18:48 [Note] C:\Program Files\MySQL\MySQL Server 5.0\bin\mysqld-nt: Normal shutdown

100916  3:18:51 [Warning] C:\Program Files\MySQL\MySQL Server 5.0\bin\mysqld-nt: Forcing close of thread 77  user: 'root'

100916  3:18:53  InnoDB: Starting shutdown...
100916  3:19:11  InnoDB: Shutdown completed; log sequence number 0 15888927
100916  3:19:11 [Note] C:\Program Files\MySQL\MySQL Server 5.0\bin\mysqld-nt: Shutdown complete

100916  3:20:04  InnoDB: Started; log sequence number 0 15888927
100916  3:20:05 [Note] C:\Program Files\MySQL\MySQL Server 5.0\bin\mysqld-nt: ready for connections.
Version: '5.0.88-community-nt'  socket: ''  port: 3306  MySQL Community Edition (GPL)
100930  3:17:18 [Note] C:\Program Files\MySQL\MySQL Server 5.0\bin\mysqld-nt: Normal shutdown

100930  3:17:22 [Warning] C:\Program Files\MySQL\MySQL Server 5.0\bin\mysqld-nt: Forcing close of thread 1  user: 'root'

100930  3:17:34  InnoDB: Starting shutdown...
100930  3:17:50  InnoDB: Shutdown completed; log sequence number 0 22021172
100930  3:17:50 [Note] C:\Program Files\MySQL\MySQL Server 5.0\bin\mysqld-nt: Shutdown complete

100930  3:18:29  InnoDB: Started; log sequence number 0 22021172
100930  3:18:36 [Note] C:\Program Files\MySQL\MySQL Server 5.0\bin\mysqld-nt: ready for connections.
Version: '5.0.88-community-nt'  socket: ''  port: 3306  MySQL Community Edition (GPL)
101003 16:57:18 [Note] C:\Program Files\MySQL\MySQL Server 5.0\bin\mysqld-nt: Normal shutdown

101003 16:57:24 [Warning] C:\Program Files\MySQL\MySQL Server 5.0\bin\mysqld-nt: Forcing close of thread 1  user: 'root'

101003 16:57:34  InnoDB: Starting shutdown...
101003 16:57:47  InnoDB: Shutdown completed; log sequence number 0 27387879
101003 16:57:47 [Note] C:\Program Files\MySQL\MySQL Server 5.0\bin\mysqld-nt: Shutdown complete

101003 16:58:55  InnoDB: Started; log sequence number 0 27387879
101003 16:59:02 [Note] C:\Program Files\MySQL\MySQL Server 5.0\bin\mysqld-nt: ready for connections.
Version: '5.0.88-community-nt'  socket: ''  port: 3306  MySQL Community Edition (GPL)
101006 14:09:27 [Note] C:\Program Files\MySQL\MySQL Server 5.0\bin\mysqld-nt: Normal shutdown

101006 14:09:28  InnoDB: Starting shutdown...
101006 14:09:31  InnoDB: Shutdown completed; log sequence number 0 27453150
101006 14:09:31 [Note] C:\Program Files\MySQL\MySQL Server 5.0\bin\mysqld-nt: Shutdown complete

InnoDB: Error: log file .\ib_logfile0 is of different size 0 10485760 bytes
InnoDB: than specified in the .cnf file 0 17825792 bytes!
101006 14:21:10 [ERROR] Default storage engine (InnoDB) is not available
101006 14:21:10 [ERROR] Aborting

101006 14:21:10 [Note] C:\Program Files\MySQL\MySQL Server 5.0\bin\mysqld-nt: Shutdown complete

InnoDB: Error: log file .\ib_logfile0 is of different size 0 10485760 bytes
InnoDB: than specified in the .cnf file 0 17825792 bytes!
101006 14:23:39 [ERROR] Default storage engine (InnoDB) is not available
101006 14:23:39 [ERROR] Aborting

101006 14:23:39 [Note] C:\Program Files\MySQL\MySQL Server 5.0\bin\mysqld-nt: Shutdown complete

